<?xml version="1.0" encoding="UTF-8"?>
<testsuite xmlns:xsi="http://www.w3.org/2001/XMLSchema-instance" xsi:noNamespaceSchemaLocation="https://maven.apache.org/surefire/maven-surefire-plugin/xsd/surefire-test-report-3.0.xsd" version="3.0" name="com.siemens.internship.InternshipApplicationTests" time="12.977" tests="13" errors="0" skipped="0" failures="0">
  <properties>
[...]
</properties>
  <testcase name="testGetItemById" classname="com.siemens.internship.InternshipApplicationTests" time="1.28">
    <system-out><![CDATA[23:00:20.924 [main] INFO org.springframework.test.context.support.AnnotationConfigContextLoaderUtils -- Could not detect default configuration classes for test class [com.siemens.internship.InternshipApplicationTests]: InternshipApplicationTests does not declare any static, non-private, non-final, nested classes annotated with @Configuration.
23:00:21.378 [main] INFO org.springframework.boot.test.context.SpringBootTestContextBootstrapper -- Found @SpringBootConfiguration com.siemens.internship.InternshipApplication for test class com.siemens.internship.InternshipApplicationTests

  .   ____          _            __ _ _
 /\\ / ___'_ __ _ _(_)_ __  __ _ \ \ \ \
( ( )\___ | '_ | '_| | '_ \/ _` | \ \ \ \
 \\/  ___)| |_)| | | | | || (_| |  ) ) ) )
  '  |____| .__|_| |_|_| |_\__, | / / / /
 =========|_|==============|___/=/_/_/_/

 :: Spring Boot ::               (v3.3.11)

2025-05-11T23:00:22.663+03:00  INFO 12220 --- [internship] [           main] c.s.i.InternshipApplicationTests         : Starting InternshipApplicationTests using Java 23.0.1 with PID 12220 (started by lucia in D:\MPP\SiemensJava2025)
2025-05-11T23:00:22.666+03:00  INFO 12220 --- [internship] [           main] c.s.i.InternshipApplicationTests         : No active profile set, falling back to 1 default profile: "default"
2025-05-11T23:00:24.326+03:00  INFO 12220 --- [internship] [           main] .s.d.r.c.RepositoryConfigurationDelegate : Bootstrapping Spring Data JPA repositories in DEFAULT mode.
2025-05-11T23:00:24.441+03:00  INFO 12220 --- [internship] [           main] .s.d.r.c.RepositoryConfigurationDelegate : Finished Spring Data repository scanning in 101 ms. Found 1 JPA repository interface.
2025-05-11T23:00:25.372+03:00  INFO 12220 --- [internship] [           main] o.hibernate.jpa.internal.util.LogHelper  : HHH000204: Processing PersistenceUnitInfo [name: default]
2025-05-11T23:00:25.537+03:00  INFO 12220 --- [internship] [           main] org.hibernate.Version                    : HHH000412: Hibernate ORM core version 6.5.3.Final
2025-05-11T23:00:25.611+03:00  INFO 12220 --- [internship] [           main] o.h.c.internal.RegionFactoryInitiator    : HHH000026: Second-level cache disabled
2025-05-11T23:00:26.250+03:00  INFO 12220 --- [internship] [           main] o.s.o.j.p.SpringPersistenceUnitInfo      : No LoadTimeWeaver setup: ignoring JPA class transformer
2025-05-11T23:00:26.336+03:00  INFO 12220 --- [internship] [           main] com.zaxxer.hikari.HikariDataSource       : HikariPool-1 - Starting...
2025-05-11T23:00:26.669+03:00  INFO 12220 --- [internship] [           main] com.zaxxer.hikari.pool.HikariPool        : HikariPool-1 - Added connection conn0: url=jdbc:h2:mem:testdb user=SA
2025-05-11T23:00:26.672+03:00  INFO 12220 --- [internship] [           main] com.zaxxer.hikari.HikariDataSource       : HikariPool-1 - Start completed.
2025-05-11T23:00:28.273+03:00  INFO 12220 --- [internship] [           main] o.h.e.t.j.p.i.JtaPlatformInitiator       : HHH000489: No JTA platform available (set 'hibernate.transaction.jta.platform' to enable JTA platform integration)
2025-05-11T23:00:28.332+03:00  INFO 12220 --- [internship] [           main] j.LocalContainerEntityManagerFactoryBean : Initialized JPA EntityManagerFactory for persistence unit 'default'
2025-05-11T23:00:29.145+03:00  INFO 12220 --- [internship] [           main] o.s.d.j.r.query.QueryEnhancerFactory     : Hibernate is in classpath; If applicable, HQL parser will be used.
2025-05-11T23:00:30.496+03:00  WARN 12220 --- [internship] [           main] JpaBaseConfiguration$JpaWebConfiguration : spring.jpa.open-in-view is enabled by default. Therefore, database queries may be performed during view rendering. Explicitly configure spring.jpa.open-in-view to disable this warning
2025-05-11T23:00:30.630+03:00  INFO 12220 --- [internship] [           main] o.s.v.b.OptionalValidatorFactoryBean     : Failed to set up a Bean Validation provider: jakarta.validation.NoProviderFoundException: Unable to create a Configuration, because no Jakarta Bean Validation provider could be found. Add a provider like Hibernate Validator (RI) to your classpath.
2025-05-11T23:00:31.322+03:00  INFO 12220 --- [internship] [           main] o.s.b.a.h2.H2ConsoleAutoConfiguration    : H2 console available at '/h2-console'. Database available at 'jdbc:h2:mem:testdb'
2025-05-11T23:00:31.479+03:00  INFO 12220 --- [internship] [           main] c.s.i.InternshipApplicationTests         : Started InternshipApplicationTests in 9.611 seconds (process running for 12.81)
]]></system-out>
    <system-err><![CDATA[WARNING: A Java agent has been loaded dynamically (C:\Users\lucia\.m2\repository\net\bytebuddy\byte-buddy-agent\1.14.19\byte-buddy-agent-1.14.19.jar)
WARNING: If a serviceability tool is in use, please run with -XX:+EnableDynamicAgentLoading to hide this warning
WARNING: If a serviceability tool is not in use, please run with -Djdk.instrument.traceUsage for more information
WARNING: Dynamic loading of agents will be disallowed by default in a future release
]]></system-err>
  </testcase>
  <testcase name="testFindAll" classname="com.siemens.internship.InternshipApplicationTests" time="0.04"/>
  <testcase name="testSave" classname="com.siemens.internship.InternshipApplicationTests" time="0.045"/>
  <testcase name="testGetAllItems" classname="com.siemens.internship.InternshipApplicationTests" time="0.023"/>
  <testcase name="testUpdateItem" classname="com.siemens.internship.InternshipApplicationTests" time="0.032"/>
  <testcase name="testItemRepository" classname="com.siemens.internship.InternshipApplicationTests" time="0.146"/>
  <testcase name="testFindById" classname="com.siemens.internship.InternshipApplicationTests" time="0.018"/>
  <testcase name="testCreateItem" classname="com.siemens.internship.InternshipApplicationTests" time="0.02"/>
  <testcase name="testDeleteNonExistingItem" classname="com.siemens.internship.InternshipApplicationTests" time="0.014"/>
  <testcase name="testItemEntity" classname="com.siemens.internship.InternshipApplicationTests" time="0.015"/>
  <testcase name="testDeleteById" classname="com.siemens.internship.InternshipApplicationTests" time="0.166"/>
  <testcase name="testDeleteItem" classname="com.siemens.internship.InternshipApplicationTests" time="0.027"/>
  <testcase name="testUpdateNonExistingItem" classname="com.siemens.internship.InternshipApplicationTests" time="0.019"/>
</testsuite>